# JRE version: OpenJDK Runtime Environment (8.0_171-b10) (build 1.8.0_171-b10)
# Java VM: OpenJDK 64-Bit Server VM (25.171-b10 mixed mode linux-amd64 compressed oops)
Heap:
 PSYoungGen      total 76288K, used 5531K [0x00000000f5800000, 0x00000000fa900000, 0x0000000100000000)
  eden space 69632K, 0% used [0x00000000f5800000,0x00000000f5800000,0x00000000f9c00000)
  from space 6656K, 83% used [0x00000000f9c00000,0x00000000fa166d90,0x00000000fa280000)
  to   space 6656K, 0% used [0x00000000fa280000,0x00000000fa280000,0x00000000fa900000)
 ParOldGen       total 22016K, used 12998K [0x00000000e0800000, 0x00000000e1d80000, 0x00000000f5800000)
  object space 22016K, 59% used [0x00000000e0800000,0x00000000e14b1918,0x00000000e1d80000)
 Metaspace       used 20836K, capacity 21250K, committed 21296K, reserved 1069056K
  class space    used 2399K, capacity 2571K, committed 2608K, reserved 1048576K
GC Heap History (10 events):
Event: 0.700 GC heap after
Heap after GC invocations=2 (full 0):
 PSYoungGen      total 18432K, used 992K [0x00000000f5800000, 0x00000000f6b00000, 0x0000000100000000)
  eden space 17408K, 0% used [0x00000000f5800000,0x00000000f5800000,0x00000000f6900000)
  from space 1024K, 96% used [0x00000000f6a00000,0x00000000f6af8020,0x00000000f6b00000)
  to   space 1024K, 0% used [0x00000000f6900000,0x00000000f6900000,0x00000000f6a00000)
 ParOldGen       total 22016K, used 2372K [0x00000000e0800000, 0x00000000e1d80000, 0x00000000f5800000)
  object space 22016K, 10% used [0x00000000e0800000,0x00000000e0a512a0,0x00000000e1d80000)
 Metaspace       used 7342K, capacity 7484K, committed 7552K, reserved 1056768K
  class space    used 797K, capacity 856K, committed 896K, reserved 1048576K
}
Event: 0.924 GC heap before
{Heap before GC invocations=3 (full 0):
 PSYoungGen      total 18432K, used 18400K [0x00000000f5800000, 0x00000000f6b00000, 0x0000000100000000)
  eden space 17408K, 100% used [0x00000000f5800000,0x00000000f6900000,0x00000000f6900000)
  from space 1024K, 96% used [0x00000000f6a00000,0x00000000f6af8020,0x00000000f6b00000)
  to   space 1024K, 0% used [0x00000000f6900000,0x00000000f6900000,0x00000000f6a00000)
 ParOldGen       total 22016K, used 2372K [0x00000000e0800000, 0x00000000e1d80000, 0x00000000f5800000)
  object space 22016K, 10% used [0x00000000e0800000,0x00000000e0a512a0,0x00000000e1d80000)
 Metaspace       used 8554K, capacity 8668K, committed 8704K, reserved 1056768K
  class space    used 980K, capacity 1016K, committed 1024K, reserved 1048576K
Event: 0.930 GC heap after
Heap after GC invocations=3 (full 0):
 PSYoungGen      total 18432K, used 1024K [0x00000000f5800000, 0x00000000f7c00000, 0x0000000100000000)
  eden space 17408K, 0% used [0x00000000f5800000,0x00000000f5800000,0x00000000f6900000)
  from space 1024K, 100% used [0x00000000f6900000,0x00000000f6a00000,0x00000000f6a00000)
  to   space 1024K, 0% used [0x00000000f7b00000,0x00000000f7b00000,0x00000000f7c00000)
 ParOldGen       total 22016K, used 3831K [0x00000000e0800000, 0x00000000e1d80000, 0x00000000f5800000)
  object space 22016K, 17% used [0x00000000e0800000,0x00000000e0bbdde8,0x00000000e1d80000)
 Metaspace       used 8554K, capacity 8668K, committed 8704K, reserved 1056768K
  class space    used 980K, capacity 1016K, committed 1024K, reserved 1048576K
}
Event: 1.128 GC heap before
{Heap before GC invocations=4 (full 0):
 PSYoungGen      total 18432K, used 18432K [0x00000000f5800000, 0x00000000f7c00000, 0x0000000100000000)
  eden space 17408K, 100% used [0x00000000f5800000,0x00000000f6900000,0x00000000f6900000)
  from space 1024K, 100% used [0x00000000f6900000,0x00000000f6a00000,0x00000000f6a00000)
  to   space 1024K, 0% used [0x00000000f7b00000,0x00000000f7b00000,0x00000000f7c00000)
 ParOldGen       total 22016K, used 3831K [0x00000000e0800000, 0x00000000e1d80000, 0x00000000f5800000)
  object space 22016K, 17% used [0x00000000e0800000,0x00000000e0bbdde8,0x00000000e1d80000)
 Metaspace       used 10797K, capacity 10974K, committed 11136K, reserved 1058816K
  class space    used 1257K, capacity 1315K, committed 1408K, reserved 1048576K
Event: 1.136 GC heap after
Heap after GC invocations=4 (full 0):
 PSYoungGen      total 35840K, used 1024K [0x00000000f5800000, 0x00000000f7c00000, 0x0000000100000000)
  eden space 34816K, 0% used [0x00000000f5800000,0x00000000f5800000,0x00000000f7a00000)
  from space 1024K, 100% used [0x00000000f7b00000,0x00000000f7c00000,0x00000000f7c00000)
  to   space 1024K, 0% used [0x00000000f7a00000,0x00000000f7a00000,0x00000000f7b00000)
 ParOldGen       total 22016K, used 6914K [0x00000000e0800000, 0x00000000e1d80000, 0x00000000f5800000)
  object space 22016K, 31% used [0x00000000e0800000,0x00000000e0ec0860,0x00000000e1d80000)
 Metaspace       used 10797K, capacity 10974K, committed 11136K, reserved 1058816K
  class space    used 1257K, capacity 1315K, committed 1408K, reserved 1048576K
}
Event: 2.044 GC heap before
{Heap before GC invocations=5 (full 0):
 PSYoungGen      total 35840K, used 35840K [0x00000000f5800000, 0x00000000f7c00000, 0x0000000100000000)
  eden space 34816K, 100% used [0x00000000f5800000,0x00000000f7a00000,0x00000000f7a00000)
  from space 1024K, 100% used [0x00000000f7b00000,0x00000000f7c00000,0x00000000f7c00000)
  to   space 1024K, 0% used [0x00000000f7a00000,0x00000000f7a00000,0x00000000f7b00000)
 ParOldGen       total 22016K, used 6914K [0x00000000e0800000, 0x00000000e1d80000, 0x00000000f5800000)
  object space 22016K, 31% used [0x00000000e0800000,0x00000000e0ec0860,0x00000000e1d80000)
 Metaspace       used 15076K, capacity 15292K, committed 15488K, reserved 1062912K
  class space    used 1746K, capacity 1842K, committed 1920K, reserved 1048576K
Event: 2.061 GC heap after
Heap after GC invocations=5 (full 0):
 PSYoungGen      total 35840K, used 1024K [0x00000000f5800000, 0x00000000fa900000, 0x0000000100000000)
  eden space 34816K, 0% used [0x00000000f5800000,0x00000000f5800000,0x00000000f7a00000)
  from space 1024K, 100% used [0x00000000f7a00000,0x00000000f7b00000,0x00000000f7b00000)
  to   space 6656K, 0% used [0x00000000fa280000,0x00000000fa280000,0x00000000fa900000)
 ParOldGen       total 22016K, used 12742K [0x00000000e0800000, 0x00000000e1d80000, 0x00000000f5800000)
  object space 22016K, 57% used [0x00000000e0800000,0x00000000e1471918,0x00000000e1d80000)
 Metaspace       used 15076K, capacity 15292K, committed 15488K, reserved 1062912K
  class space    used 1746K, capacity 1842K, committed 1920K, reserved 1048576K
}
Event: 11.377 GC heap before
{Heap before GC invocations=6 (full 0):
 PSYoungGen      total 35840K, used 35840K [0x00000000f5800000, 0x00000000fa900000, 0x0000000100000000)
  eden space 34816K, 100% used [0x00000000f5800000,0x00000000f7a00000,0x00000000f7a00000)
  from space 1024K, 100% used [0x00000000f7a00000,0x00000000f7b00000,0x00000000f7b00000)
  to   space 6656K, 0% used [0x00000000fa280000,0x00000000fa280000,0x00000000fa900000)
 ParOldGen       total 22016K, used 12742K [0x00000000e0800000, 0x00000000e1d80000, 0x00000000f5800000)
  object space 22016K, 57% used [0x00000000e0800000,0x00000000e1471918,0x00000000e1d80000)
 Metaspace       used 16102K, capacity 16474K, committed 16640K, reserved 1064960K
  class space    used 1851K, capacity 1979K, committed 2048K, reserved 1048576K
Event: 11.953 GC heap after
Heap after GC invocations=6 (full 0):
 PSYoungGen      total 76288K, used 3699K [0x00000000f5800000, 0x00000000fa900000, 0x0000000100000000)
  eden space 69632K, 0% used [0x00000000f5800000,0x00000000f5800000,0x00000000f9c00000)
  from space 6656K, 55% used [0x00000000fa280000,0x00000000fa61cfe0,0x00000000fa900000)
  to   space 6656K, 0% used [0x00000000f9c00000,0x00000000f9c00000,0x00000000fa280000)
 ParOldGen       total 22016K, used 12750K [0x00000000e0800000, 0x00000000e1d80000, 0x00000000f5800000)
  object space 22016K, 57% used [0x00000000e0800000,0x00000000e1473918,0x00000000e1d80000)
 Metaspace       used 16102K, capacity 16474K, committed 16640K, reserved 1064960K
  class space    used 1851K, capacity 1979K, committed 2048K, reserved 1048576K
}
Event: 146.074 GC heap before
{Heap before GC invocations=7 (full 0):
 PSYoungGen      total 76288K, used 38823K [0x00000000f5800000, 0x00000000fa900000, 0x0000000100000000)
  eden space 69632K, 50% used [0x00000000f5800000,0x00000000f7a4ce90,0x00000000f9c00000)
  from space 6656K, 55% used [0x00000000fa280000,0x00000000fa61cfe0,0x00000000fa900000)
  to   space 6656K, 0% used [0x00000000f9c00000,0x00000000f9c00000,0x00000000fa280000)
 ParOldGen       total 22016K, used 12750K [0x00000000e0800000, 0x00000000e1d80000, 0x00000000f5800000)
  object space 22016K, 57% used [0x00000000e0800000,0x00000000e1473918,0x00000000e1d80000)
 Metaspace       used 20836K, capacity 21250K, committed 21296K, reserved 1069056K
  class space    used 2399K, capacity 2571K, committed 2608K, reserved 1048576K

